[2018-06-25 14:09:51,460] - logger.py] - INFO: ------登录成功用例：start!---------
[2018-06-25 14:09:51,462] - logger.py] - INFO: 输入正确账号：这里是抓包后获取的博客园的加密账号
[2018-06-25 14:09:51,464] - logger.py] - INFO: 输入正确密码：这里是抓包后获取的博客园的加密密码
[2018-06-25 14:09:53,183] - logger.py] - INFO: ------登录失败用例：start!---------
[2018-06-25 14:09:53,186] - logger.py] - INFO: 输入正确账号：这里是抓包后获取的博客园的加密账号
[2018-06-25 14:09:53,188] - logger.py] - INFO: 输入错误密码：这里是抓包后获取的博客园的加密账号
[2018-06-25 14:09:53,337] - logger.py] - INFO: ----------start!-------
[2018-06-25 14:09:53,339] - logger.py] - INFO: 测试单号：560697415000  快递名称：天天快递
[2018-06-25 14:09:53,341] - logger.py] - INFO: 测试url地址：http://www.kuaidi.com/index-ajaxselectcourierinfo-560697415000-tiantian.html
[2018-06-25 14:09:54,113] - logger.py] - INFO: 获取请求结果：{'url': 'http://www.ttkdex.com', 'timeused': '--', 'nu': '560697415000', 'data': '', 'time': '', 'exceed': '', 'status': 0, 'company': None, 'success': False, 'phone': '400-188-8888', 'companytype': 'tiantian', 'reason': '快递公司参数异常：单号不存在或者已经过期', 'ico': '/data/upload/201407/tt_logo.gif', 'rank': '2.4'}
[2018-06-25 14:09:54,115] - logger.py] - INFO: 获取公司名称：None
[2018-06-25 14:09:54,117] - logger.py] - INFO: 获取data内容：
[2018-06-25 14:09:54,157] - logger.py] - INFO: ----------start!-------
[2018-06-25 14:09:54,159] - logger.py] - INFO: 测试单号：1202247993797  快递名称：韵达快递
[2018-06-25 14:09:54,161] - logger.py] - INFO: 测试url地址：http://www.kuaidi.com/index-ajaxselectcourierinfo-1202247993797-yunda.html
[2018-06-25 14:09:54,604] - logger.py] - INFO: 获取请求结果：{'url': 'http://www.yundaex.com', 'timeused': '--', 'nu': '1202247993797', 'data': [{'time': '2016-08-21 19:47:14', 'context': '到达：贵州都匀市公司 由 已签收 签收'}, {'time': '2016-08-21 09:45:36', 'context': '到达：贵州都匀市公司 指定：派送'}, {'time': '2016-08-20 06:32:38', 'context': '到达：贵州贵阳分拨中心 发往：贵州都匀市公司'}, {'time': '2016-08-20 06:17:24', 'context': '到达：贵州贵阳分拨中心 上级站点：福建晋江分拨中心'}, {'time': '2016-08-18 21:48:53', 'context': '到达：福建晋江分拨中心 发往：贵州贵阳分拨中心'}, {'time': '2016-08-18 21:46:25', 'context': '到达：福建晋江分拨中心'}, {'time': '2016-08-18 06:48:19', 'context': '到达：福建市场部台江服务部 发往：贵州贵阳分拨中心'}, {'time': '2016-08-18 05:51:57', 'context': '到达：福建市场部台江服务部 已揽件'}], 'time': '', 'exceed': '', 'status': 6, 'company': '韵达快递', 'success': True, 'phone': '95546', 'companytype': 'yunda', 'reason': '', 'ico': '/data/upload/201407/yd_logo.gif', 'rank': '2.4'}
[2018-06-25 14:09:54,605] - logger.py] - INFO: 获取公司名称：韵达快递
[2018-06-25 14:09:54,607] - logger.py] - INFO: 获取data内容：[{'time': '2016-08-21 19:47:14', 'context': '到达：贵州都匀市公司 由 已签收 签收'}, {'time': '2016-08-21 09:45:36', 'context': '到达：贵州都匀市公司 指定：派送'}, {'time': '2016-08-20 06:32:38', 'context': '到达：贵州贵阳分拨中心 发往：贵州都匀市公司'}, {'time': '2016-08-20 06:17:24', 'context': '到达：贵州贵阳分拨中心 上级站点：福建晋江分拨中心'}, {'time': '2016-08-18 21:48:53', 'context': '到达：福建晋江分拨中心 发往：贵州贵阳分拨中心'}, {'time': '2016-08-18 21:46:25', 'context': '到达：福建晋江分拨中心'}, {'time': '2016-08-18 06:48:19', 'context': '到达：福建市场部台江服务部 发往：贵州贵阳分拨中心'}, {'time': '2016-08-18 05:51:57', 'context': '到达：福建市场部台江服务部 已揽件'}]
[2018-06-25 14:09:54,609] - logger.py] - INFO: 获取已签收状态：到达：贵州都匀市公司 由 已签收 签收
[2018-06-25 14:09:54,610] - logger.py] - INFO: ----------pass!-------
[2018-06-25 14:09:54,613] - logger.py] - INFO: ------start!--------
[2018-06-25 14:09:54,614] - logger.py] - INFO: 第一步：登录
[2018-06-25 14:09:55,067] - logger.py] - INFO: ------start!--------
