[2018-07-10 10:40:18,772] - logger.py] - INFO: ------start!--------
[2018-07-10 10:40:18,773] - logger.py] - INFO: 第一步：登录
[2018-07-10 10:40:19,551] - logger.py] - INFO: ------start!--------
[2018-07-10 10:41:03,113] - logger.py] - INFO: ------start!--------
[2018-07-10 10:41:03,114] - logger.py] - INFO: 第一步：登录
[2018-07-10 10:41:04,177] - logger.py] - INFO: ------start!--------
[2018-07-10 10:44:01,014] - logger.py] - INFO: ------start!--------
[2018-07-10 10:44:01,015] - logger.py] - INFO: 第一步：登录
[2018-07-10 10:44:01,739] - logger.py] - INFO: ------start!--------
[2018-07-10 10:47:34,533] - logger.py] - INFO: ------start!--------
[2018-07-10 10:47:34,534] - logger.py] - INFO: 第一步：登录
[2018-07-10 10:47:35,369] - logger.py] - INFO: ------start!--------
[2018-07-10 10:52:42,594] - logger.py] - INFO: ---测试开始----
[2018-07-10 10:52:42,595] - logger.py] - INFO: 操作步骤1,2,3
[2018-07-10 10:52:42,596] - logger.py] - WARNING: ----测试结束----
[2018-07-10 10:57:56,368] - logger.py] - INFO: 调用登录方法，获取结果：b'{"success":false,"message":"\xe9\xaa\x8c\xe8\xaf\x81\xe7\xa0\x81\xe7\xbc\x93\xe5\xad\x98\xe5\xb7\xb2\xe5\xa4\xb1\xe6\x95\x88"}'
[2018-07-10 10:58:55,135] - logger.py] - INFO: 调用登录方法，获取结果：b'{"success":false,"message":"\xe9\xaa\x8c\xe8\xaf\x81\xe7\xa0\x81\xe7\xbc\x93\xe5\xad\x98\xe5\xb7\xb2\xe5\xa4\xb1\xe6\x95\x88"}'
[2018-07-10 11:00:06,325] - logger.py] - INFO: 调用登录方法，获取结果：{"success":false,"message":"验证码缓存已失效"}
[2018-07-10 11:00:42,339] - logger.py] - INFO: ------start!--------
[2018-07-10 11:00:42,341] - logger.py] - INFO: 第一步：登录
[2018-07-10 11:00:43,109] - logger.py] - INFO: 调用登录方法，获取结果：{"success":false,"message":"验证码缓存已失效"}
[2018-07-10 11:00:43,112] - logger.py] - INFO: 第二步：保存
[2018-07-10 11:00:43,593] - logger.py] - INFO: 调用保存草稿箱方法，获取结果：<Response [200]>
[2018-07-10 11:00:43,596] - logger.py] - INFO: 正则提取postid，获取结果：[]
[2018-07-10 11:00:43,600] - logger.py] - INFO: ------start!--------
[2018-07-10 11:00:43,836] - logger.py] - INFO: 调用登录方法，获取结果：{"success":false,"message":"验证码缓存已失效"}
[2018-07-10 11:00:43,837] - logger.py] - INFO: 调用登录结果：{'success': False, 'message': '验证码缓存已失效'}
[2018-07-10 11:00:43,838] - logger.py] - INFO: 获取是否登录成功：False
[2018-07-10 14:40:02,929] - logger.py] - INFO: ------登录成功用例：start!---------
[2018-07-10 14:40:03,008] - logger.py] - INFO: 输入正确账号：这里是抓包后获取的博客园的加密账号
[2018-07-10 14:40:03,010] - logger.py] - INFO: 输入正确密码：这里是抓包后获取的博客园的加密密码
[2018-07-10 14:40:04,564] - logger.py] - INFO: ------登录失败用例：start!---------
[2018-07-10 14:40:04,566] - logger.py] - INFO: 输入正确账号：这里是抓包后获取的博客园的加密账号
[2018-07-10 14:40:04,567] - logger.py] - INFO: 输入错误密码：这里是抓包后获取的博客园的加密账号
[2018-07-10 14:40:04,706] - logger.py] - INFO: ----------start!-------
[2018-07-10 14:40:04,708] - logger.py] - INFO: 测试单号：560697415000  快递名称：天天快递
[2018-07-10 14:40:04,710] - logger.py] - INFO: 测试url地址：http://www.kuaidi.com/index-ajaxselectcourierinfo-560697415000-tiantian.html
[2018-07-10 14:40:05,356] - logger.py] - INFO: 获取请求结果：{'url': 'http://www.ttkdex.com', 'exceed': '', 'rank': '2.4', 'data': '', 'nu': '560697415000', 'timeused': '--', 'success': False, 'status': 0, 'ico': '/data/upload/201407/tt_logo.gif', 'company': None, 'time': '', 'reason': '快递公司参数异常：单号不存在或者已经过期', 'companytype': 'tiantian', 'phone': '400-188-8888'}
[2018-07-10 14:40:05,360] - logger.py] - INFO: 获取公司名称：None
[2018-07-10 14:40:05,363] - logger.py] - INFO: 获取data内容：
[2018-07-10 14:40:05,381] - logger.py] - INFO: ----------start!-------
[2018-07-10 14:40:05,383] - logger.py] - INFO: 测试单号：1202247993797  快递名称：韵达快递
[2018-07-10 14:40:05,385] - logger.py] - INFO: 测试url地址：http://www.kuaidi.com/index-ajaxselectcourierinfo-1202247993797-yunda.html
[2018-07-10 14:40:06,264] - logger.py] - INFO: 获取请求结果：{'url': 'http://www.yundaex.com', 'exceed': '', 'rank': '2.4', 'data': [{'context': '到达：贵州都匀市公司 由 已签收 签收', 'time': '2016-08-21 19:47:14'}, {'context': '到达：贵州都匀市公司 指定：派送', 'time': '2016-08-21 09:45:36'}, {'context': '到达：贵州贵阳分拨中心 发往：贵州都匀市公司', 'time': '2016-08-20 06:32:38'}, {'context': '到达：贵州贵阳分拨中心 上级站点：福建晋江分拨中心', 'time': '2016-08-20 06:17:24'}, {'context': '到达：福建晋江分拨中心 发往：贵州贵阳分拨中心', 'time': '2016-08-18 21:48:53'}, {'context': '到达：福建晋江分拨中心', 'time': '2016-08-18 21:46:25'}, {'context': '到达：福建市场部台江服务部 发往：贵州贵阳分拨中心', 'time': '2016-08-18 06:48:19'}, {'context': '到达：福建市场部台江服务部 已揽件', 'time': '2016-08-18 05:51:57'}], 'nu': '1202247993797', 'timeused': '--', 'success': True, 'status': 6, 'ico': '/data/upload/201407/yd_logo.gif', 'company': '韵达快递', 'time': '', 'reason': '', 'companytype': 'yunda', 'phone': '95546'}
[2018-07-10 14:40:06,266] - logger.py] - INFO: 获取公司名称：韵达快递
[2018-07-10 14:40:06,267] - logger.py] - INFO: 获取data内容：[{'context': '到达：贵州都匀市公司 由 已签收 签收', 'time': '2016-08-21 19:47:14'}, {'context': '到达：贵州都匀市公司 指定：派送', 'time': '2016-08-21 09:45:36'}, {'context': '到达：贵州贵阳分拨中心 发往：贵州都匀市公司', 'time': '2016-08-20 06:32:38'}, {'context': '到达：贵州贵阳分拨中心 上级站点：福建晋江分拨中心', 'time': '2016-08-20 06:17:24'}, {'context': '到达：福建晋江分拨中心 发往：贵州贵阳分拨中心', 'time': '2016-08-18 21:48:53'}, {'context': '到达：福建晋江分拨中心', 'time': '2016-08-18 21:46:25'}, {'context': '到达：福建市场部台江服务部 发往：贵州贵阳分拨中心', 'time': '2016-08-18 06:48:19'}, {'context': '到达：福建市场部台江服务部 已揽件', 'time': '2016-08-18 05:51:57'}]
[2018-07-10 14:40:06,269] - logger.py] - INFO: 获取已签收状态：到达：贵州都匀市公司 由 已签收 签收
[2018-07-10 14:40:06,270] - logger.py] - INFO: ----------pass!-------
[2018-07-10 14:40:06,272] - logger.py] - INFO: ------start!--------
[2018-07-10 14:40:06,273] - logger.py] - INFO: 第一步：登录
[2018-07-10 14:40:07,571] - logger.py] - INFO: 调用登录方法，获取结果：{"success":false,"message":"验证码缓存已失效"}
[2018-07-10 14:40:07,572] - logger.py] - INFO: 第二步：保存
[2018-07-10 14:40:08,194] - logger.py] - INFO: 调用保存草稿箱方法，获取结果：<Response [200]>
[2018-07-10 14:40:08,195] - logger.py] - INFO: 正则提取postid，获取结果：[]
[2018-07-10 14:40:08,214] - logger.py] - INFO: ------start!--------
[2018-07-10 14:40:08,348] - logger.py] - INFO: 调用登录方法，获取结果：{"success":false,"message":"验证码缓存已失效"}
[2018-07-10 14:40:08,349] - logger.py] - INFO: 调用登录结果：{'success': False, 'message': '验证码缓存已失效'}
[2018-07-10 14:40:08,351] - logger.py] - INFO: 获取是否登录成功：False
