1527128060130	geckodriver	INFO	geckodriver 0.19.1
1527128060143	geckodriver	INFO	Listening on 127.0.0.1:52818
1527128063018	mozrunner::runner	INFO	Running command: "E:\\Program Files (x86)\\Mozilla Firefox\\firefox.exe" "-marionette" "-profile" "C:\\Users\\shen\\AppData\\Local\\Temp\\rust_mozprofile.TqRuhQFZi0K1"
1527128078013	addons.xpi	WARN	Error parsing extensions state: [Exception... "Component returned failure code: 0x80520012 (NS_ERROR_FILE_NOT_FOUND) [amIAddonManagerStartup.readStartupData]"  nsresult: "0x80520012 (NS_ERROR_FILE_NOT_FOUND)"  location: "JS frame :: resource://gre/modules/addons/XPIProvider.jsm :: loadExtensionState :: line 1554"  data: no] Stack trace: loadExtensionState()@resource://gre/modules/addons/XPIProvider.jsm:1554 < getInstallState()@resource://gre/modules/addons/XPIProvider.jsm:1589 < checkForChanges()@resource://gre/modules/addons/XPIProvider.jsm:3109 < startup()@resource://gre/modules/addons/XPIProvider.jsm:2188 < callProvider()@resource://gre/modules/AddonManager.jsm:269 < _startProvider()@resource://gre/modules/AddonManager.jsm:739 < startup()@resource://gre/modules/AddonManager.jsm:906 < startup()@resource://gre/modules/AddonManager.jsm:3090 < observe()@jar:file:///E:/Program%20Files%20(x86)/Mozilla%20Firefox/omni.ja!/components/addonManager.js:65
1527128082922	Marionette	INFO	Enabled via --marionette
Unable to read VR Path Registry from C:\Users\shen\AppData\Local\openvr\openvrpaths.vrpath
[Child 1692] WARNING: pipe error: 109: file z:/build/build/src/ipc/chromium/src/chrome/common/ipc_channel_win.cc, line 346
1527128108514	Marionette	INFO	Listening on port 52828
1527128112392	Marionette	WARN	TLS certificate errors will be ignored for this session
1527128112586	Marionette	DEBUG	Register listener.js for window 4294967297
1527128112908	Marionette	DEBUG	Received DOM event "beforeunload" for "about:blank"
1527128118316	Marionette	DEBUG	Received DOM event "pagehide" for "about:blank"
1527128118316	Marionette	DEBUG	Received DOM event "unload" for "about:blank"
1527128119620	Marionette	DEBUG	Received DOM event "DOMContentLoaded" for "https://passport.cnblogs.com/user/signin?AspxAutoDetectCookieSupport=1"
1527128119642	Marionette	DEBUG	Received DOM event "pageshow" for "https://passport.cnblogs.com/user/signin?AspxAutoDetectCookieSupport=1"
1527128120160	Marionette	DEBUG	Canceled page load listener because no navigation has been detected
1527128154636	Marionette	INFO	New connections will no longer be accepted
1527128197396	geckodriver	INFO	geckodriver 0.19.1
1527128197408	geckodriver	INFO	Listening on 127.0.0.1:52986
1527128198671	mozrunner::runner	INFO	Running command: "E:\\Program Files (x86)\\Mozilla Firefox\\firefox.exe" "-marionette" "-profile" "C:\\Users\\shen\\AppData\\Local\\Temp\\rust_mozprofile.Bbum6Dcfuykn"
1527128205759	addons.xpi	WARN	Error parsing extensions state: [Exception... "Component returned failure code: 0x80520012 (NS_ERROR_FILE_NOT_FOUND) [amIAddonManagerStartup.readStartupData]"  nsresult: "0x80520012 (NS_ERROR_FILE_NOT_FOUND)"  location: "JS frame :: resource://gre/modules/addons/XPIProvider.jsm :: loadExtensionState :: line 1554"  data: no] Stack trace: loadExtensionState()@resource://gre/modules/addons/XPIProvider.jsm:1554 < getInstallState()@resource://gre/modules/addons/XPIProvider.jsm:1589 < checkForChanges()@resource://gre/modules/addons/XPIProvider.jsm:3109 < startup()@resource://gre/modules/addons/XPIProvider.jsm:2188 < callProvider()@resource://gre/modules/AddonManager.jsm:269 < _startProvider()@resource://gre/modules/AddonManager.jsm:739 < startup()@resource://gre/modules/AddonManager.jsm:906 < startup()@resource://gre/modules/AddonManager.jsm:3090 < observe()@jar:file:///E:/Program%20Files%20(x86)/Mozilla%20Firefox/omni.ja!/components/addonManager.js:65
1527128208996	Marionette	INFO	Enabled via --marionette
Unable to read VR Path Registry from C:\Users\shen\AppData\Local\openvr\openvrpaths.vrpath
[Parent 6560] WARNING: pipe error: 109: file z:/build/build/src/ipc/chromium/src/chrome/common/ipc_channel_win.cc, line 346
1527128220172	Marionette	INFO	Listening on port 52992
1527128221077	Marionette	WARN	TLS certificate errors will be ignored for this session
1527128221119	Marionette	DEBUG	Register listener.js for window 4294967297
1527128221250	Marionette	DEBUG	Received DOM event "beforeunload" for "about:blank"
1527128226968	Marionette	DEBUG	Received DOM event "pagehide" for "about:blank"
1527128226968	Marionette	DEBUG	Received DOM event "unload" for "about:blank"
1527128227180	Marionette	DEBUG	Received DOM event "DOMContentLoaded" for "https://passport.cnblogs.com/user/signin?AspxAutoDetectCookieSupport=1"
1527128227207	Marionette	DEBUG	Received DOM event "pageshow" for "https://passport.cnblogs.com/user/signin?AspxAutoDetectCookieSupport=1"
1527128227703	Marionette	DEBUG	Canceled page load listener because no navigation has been detected
1527128245537	Marionette	INFO	New connections will no longer be accepted
1527128247689	geckodriver	INFO	geckodriver 0.19.1
1527128247702	geckodriver	INFO	Listening on 127.0.0.1:53102
1527128249583	mozrunner::runner	INFO	Running command: "E:\\Program Files (x86)\\Mozilla Firefox\\firefox.exe" "-marionette" "-profile" "C:\\Users\\shen\\AppData\\Local\\Temp\\rust_mozprofile.vrBBC0vHUVOf"
1527128250707	addons.xpi	WARN	Error parsing extensions state: [Exception... "Component returned failure code: 0x80520012 (NS_ERROR_FILE_NOT_FOUND) [amIAddonManagerStartup.readStartupData]"  nsresult: "0x80520012 (NS_ERROR_FILE_NOT_FOUND)"  location: "JS frame :: resource://gre/modules/addons/XPIProvider.jsm :: loadExtensionState :: line 1554"  data: no] Stack trace: loadExtensionState()@resource://gre/modules/addons/XPIProvider.jsm:1554 < getInstallState()@resource://gre/modules/addons/XPIProvider.jsm:1589 < checkForChanges()@resource://gre/modules/addons/XPIProvider.jsm:3109 < startup()@resource://gre/modules/addons/XPIProvider.jsm:2188 < callProvider()@resource://gre/modules/AddonManager.jsm:269 < _startProvider()@resource://gre/modules/AddonManager.jsm:739 < startup()@resource://gre/modules/AddonManager.jsm:906 < startup()@resource://gre/modules/AddonManager.jsm:3090 < observe()@jar:file:///E:/Program%20Files%20(x86)/Mozilla%20Firefox/omni.ja!/components/addonManager.js:65
1527128251977	Marionette	INFO	Enabled via --marionette
Unable to read VR Path Registry from C:\Users\shen\AppData\Local\openvr\openvrpaths.vrpath
[Child 9444] WARNING: pipe error: 109: file z:/build/build/src/ipc/chromium/src/chrome/common/ipc_channel_win.cc, line 346
[Child 9444] WARNING: pipe error: 109: file z:/build/build/src/ipc/chromium/src/chrome/common/ipc_channel_win.cc, line 346
1527128259923	Marionette	INFO	Listening on port 53108
1527128260611	Marionette	WARN	TLS certificate errors will be ignored for this session
1527128260649	Marionette	DEBUG	Register listener.js for window 4294967297
1527128260717	Marionette	DEBUG	Received DOM event "beforeunload" for "about:blank"
1527128265692	Marionette	DEBUG	Received DOM event "pagehide" for "about:blank"
1527128265693	Marionette	DEBUG	Received DOM event "unload" for "about:blank"
1527128265973	Marionette	DEBUG	Received DOM event "DOMContentLoaded" for "https://passport.cnblogs.com/user/signin?AspxAutoDetectCookieSupport=1"
1527128265995	Marionette	DEBUG	Received DOM event "pageshow" for "https://passport.cnblogs.com/user/signin?AspxAutoDetectCookieSupport=1"
1527128266437	Marionette	DEBUG	Canceled page load listener because no navigation has been detected
1527128302199	Marionette	INFO	New connections will no longer be accepted
1527128375639	geckodriver	INFO	geckodriver 0.19.1
1527128375648	geckodriver	INFO	Listening on 127.0.0.1:53214
1527128377254	mozrunner::runner	INFO	Running command: "E:\\Program Files (x86)\\Mozilla Firefox\\firefox.exe" "-marionette" "-profile" "C:\\Users\\shen\\AppData\\Local\\Temp\\rust_mozprofile.WWsUN1RBu5Ak"
1527128378015	addons.xpi	WARN	Error parsing extensions state: [Exception... "Component returned failure code: 0x80520012 (NS_ERROR_FILE_NOT_FOUND) [amIAddonManagerStartup.readStartupData]"  nsresult: "0x80520012 (NS_ERROR_FILE_NOT_FOUND)"  location: "JS frame :: resource://gre/modules/addons/XPIProvider.jsm :: loadExtensionState :: line 1554"  data: no] Stack trace: loadExtensionState()@resource://gre/modules/addons/XPIProvider.jsm:1554 < getInstallState()@resource://gre/modules/addons/XPIProvider.jsm:1589 < checkForChanges()@resource://gre/modules/addons/XPIProvider.jsm:3109 < startup()@resource://gre/modules/addons/XPIProvider.jsm:2188 < callProvider()@resource://gre/modules/AddonManager.jsm:269 < _startProvider()@resource://gre/modules/AddonManager.jsm:739 < startup()@resource://gre/modules/AddonManager.jsm:906 < startup()@resource://gre/modules/AddonManager.jsm:3090 < observe()@jar:file:///E:/Program%20Files%20(x86)/Mozilla%20Firefox/omni.ja!/components/addonManager.js:65
1527128380474	Marionette	INFO	Enabled via --marionette
Unable to read VR Path Registry from C:\Users\shen\AppData\Local\openvr\openvrpaths.vrpath
[Child 10624] WARNING: pipe error: 109: file z:/build/build/src/ipc/chromium/src/chrome/common/ipc_channel_win.cc, line 346
1527128387359	Marionette	INFO	Listening on port 53221
1527128388500	Marionette	WARN	TLS certificate errors will be ignored for this session
1527128388540	Marionette	DEBUG	Register listener.js for window 4294967297
1527128388603	Marionette	DEBUG	Received DOM event "beforeunload" for "about:blank"
1527128392394	Marionette	DEBUG	Received DOM event "pagehide" for "about:blank"
1527128392394	Marionette	DEBUG	Received DOM event "unload" for "about:blank"
1527128392657	Marionette	DEBUG	Received DOM event "DOMContentLoaded" for "https://passport.cnblogs.com/user/signin?AspxAutoDetectCookieSupport=1"
1527128392758	Marionette	DEBUG	Received DOM event "pageshow" for "https://passport.cnblogs.com/user/signin?AspxAutoDetectCookieSupport=1"
1527128393193	Marionette	DEBUG	Canceled page load listener because no navigation has been detected
1527128405861	Marionette	INFO	New connections will no longer be accepted
1527128409881	geckodriver	INFO	geckodriver 0.19.1
