[2018-06-21 14:40:15,605] - logger.py] - INFO: ------登录成功用例：start!---------
[2018-06-21 14:40:15,800] - logger.py] - INFO: 输入正确账号：这里是抓包后获取的博客园的加密账号
[2018-06-21 14:40:15,800] - logger.py] - INFO: 输入正确密码：这里是抓包后获取的博客园的加密密码
[2018-06-21 14:40:17,993] - logger.py] - INFO: ------登录失败用例：start!---------
[2018-06-21 14:40:17,994] - logger.py] - INFO: 输入正确账号：这里是抓包后获取的博客园的加密账号
[2018-06-21 14:40:17,994] - logger.py] - INFO: 输入错误密码：这里是抓包后获取的博客园的加密账号
[2018-06-21 14:40:18,118] - logger.py] - INFO: ----------start!-------
[2018-06-21 14:40:18,119] - logger.py] - INFO: 测试单号：560697415000  快递名称：天天快递
[2018-06-21 14:40:18,119] - logger.py] - INFO: 测试url地址：http://www.kuaidi.com/index-ajaxselectcourierinfo-560697415000-tiantian.html
[2018-06-21 14:40:18,609] - logger.py] - INFO: 获取请求结果：{'url': 'http://www.ttkdex.com', 'ico': '/data/upload/201407/tt_logo.gif', 'exceed': '', 'success': False, 'status': 0, 'timeused': '--', 'company': None, 'reason': '快递公司参数异常：单号不存在或者已经过期', 'data': '', 'phone': '400-188-8888', 'rank': '2.4', 'companytype': 'tiantian', 'time': '', 'nu': '560697415000'}
[2018-06-21 14:40:18,611] - logger.py] - INFO: 获取公司名称：None
[2018-06-21 14:40:18,613] - logger.py] - INFO: 获取data内容：
[2018-06-21 14:40:18,614] - logger.py] - INFO: ----------start!-------
[2018-06-21 14:40:18,615] - logger.py] - INFO: 测试单号：1202247993797  快递名称：韵达快递
[2018-06-21 14:40:18,616] - logger.py] - INFO: 测试url地址：http://www.kuaidi.com/index-ajaxselectcourierinfo-1202247993797-yunda.html
[2018-06-21 14:40:19,322] - logger.py] - INFO: 获取请求结果：{'url': 'http://www.yundaex.com', 'ico': '/data/upload/201407/yd_logo.gif', 'exceed': '', 'success': True, 'status': 6, 'timeused': '--', 'company': '韵达快递', 'reason': '', 'data': [{'context': '到达：贵州都匀市公司 由 已签收 签收', 'time': '2016-08-21 19:47:14'}, {'context': '到达：贵州都匀市公司 指定：派送', 'time': '2016-08-21 09:45:36'}, {'context': '到达：贵州贵阳分拨中心 发往：贵州都匀市公司', 'time': '2016-08-20 06:32:38'}, {'context': '到达：贵州贵阳分拨中心 上级站点：福建晋江分拨中心', 'time': '2016-08-20 06:17:24'}, {'context': '到达：福建晋江分拨中心 发往：贵州贵阳分拨中心', 'time': '2016-08-18 21:48:53'}, {'context': '到达：福建晋江分拨中心', 'time': '2016-08-18 21:46:25'}, {'context': '到达：福建市场部台江服务部 发往：贵州贵阳分拨中心', 'time': '2016-08-18 06:48:19'}, {'context': '到达：福建市场部台江服务部 已揽件', 'time': '2016-08-18 05:51:57'}], 'phone': '95546', 'rank': '2.4', 'companytype': 'yunda', 'time': '', 'nu': '1202247993797'}
[2018-06-21 14:40:19,323] - logger.py] - INFO: 获取公司名称：韵达快递
[2018-06-21 14:40:19,323] - logger.py] - INFO: 获取data内容：[{'context': '到达：贵州都匀市公司 由 已签收 签收', 'time': '2016-08-21 19:47:14'}, {'context': '到达：贵州都匀市公司 指定：派送', 'time': '2016-08-21 09:45:36'}, {'context': '到达：贵州贵阳分拨中心 发往：贵州都匀市公司', 'time': '2016-08-20 06:32:38'}, {'context': '到达：贵州贵阳分拨中心 上级站点：福建晋江分拨中心', 'time': '2016-08-20 06:17:24'}, {'context': '到达：福建晋江分拨中心 发往：贵州贵阳分拨中心', 'time': '2016-08-18 21:48:53'}, {'context': '到达：福建晋江分拨中心', 'time': '2016-08-18 21:46:25'}, {'context': '到达：福建市场部台江服务部 发往：贵州贵阳分拨中心', 'time': '2016-08-18 06:48:19'}, {'context': '到达：福建市场部台江服务部 已揽件', 'time': '2016-08-18 05:51:57'}]
[2018-06-21 14:40:19,324] - logger.py] - INFO: 获取已签收状态：到达：贵州都匀市公司 由 已签收 签收
[2018-06-21 14:40:19,324] - logger.py] - INFO: ----------pass!-------
[2018-06-21 14:40:19,325] - logger.py] - INFO: ------start!--------
[2018-06-21 14:40:19,326] - logger.py] - INFO: 第一步：登录
[2018-06-21 14:40:19,420] - logger.py] - INFO: ------start!--------
[2018-06-21 14:41:45,709] - logger.py] - INFO: ------登录成功用例：start!---------
[2018-06-21 14:41:45,759] - logger.py] - INFO: 输入正确账号：这里是抓包后获取的博客园的加密账号
[2018-06-21 14:41:45,760] - logger.py] - INFO: 输入正确密码：这里是抓包后获取的博客园的加密密码
[2018-06-21 14:41:47,521] - logger.py] - INFO: ------登录失败用例：start!---------
[2018-06-21 14:41:47,522] - logger.py] - INFO: 输入正确账号：这里是抓包后获取的博客园的加密账号
[2018-06-21 14:41:47,523] - logger.py] - INFO: 输入错误密码：这里是抓包后获取的博客园的加密账号
[2018-06-21 14:41:47,630] - logger.py] - INFO: ----------start!-------
[2018-06-21 14:41:47,630] - logger.py] - INFO: 测试单号：560697415000  快递名称：天天快递
[2018-06-21 14:41:47,631] - logger.py] - INFO: 测试url地址：http://www.kuaidi.com/index-ajaxselectcourierinfo-560697415000-tiantian.html
[2018-06-21 14:41:48,084] - logger.py] - INFO: 获取请求结果：{'success': False, 'companytype': 'tiantian', 'timeused': '--', 'nu': '560697415000', 'reason': '快递公司参数异常：单号不存在或者已经过期', 'phone': '400-188-8888', 'exceed': '', 'data': '', 'status': 0, 'url': 'http://www.ttkdex.com', 'time': '', 'ico': '/data/upload/201407/tt_logo.gif', 'rank': '2.4', 'company': None}
[2018-06-21 14:41:48,085] - logger.py] - INFO: 获取公司名称：None
[2018-06-21 14:41:48,085] - logger.py] - INFO: 获取data内容：
[2018-06-21 14:41:48,189] - logger.py] - INFO: ----------start!-------
[2018-06-21 14:41:48,190] - logger.py] - INFO: 测试单号：1202247993797  快递名称：韵达快递
[2018-06-21 14:41:48,192] - logger.py] - INFO: 测试url地址：http://www.kuaidi.com/index-ajaxselectcourierinfo-1202247993797-yunda.html
[2018-06-21 14:41:48,403] - logger.py] - INFO: 获取请求结果：{'success': True, 'companytype': 'yunda', 'timeused': '--', 'nu': '1202247993797', 'reason': '', 'phone': '95546', 'exceed': '', 'data': [{'time': '2016-08-21 19:47:14', 'context': '到达：贵州都匀市公司 由 已签收 签收'}, {'time': '2016-08-21 09:45:36', 'context': '到达：贵州都匀市公司 指定：派送'}, {'time': '2016-08-20 06:32:38', 'context': '到达：贵州贵阳分拨中心 发往：贵州都匀市公司'}, {'time': '2016-08-20 06:17:24', 'context': '到达：贵州贵阳分拨中心 上级站点：福建晋江分拨中心'}, {'time': '2016-08-18 21:48:53', 'context': '到达：福建晋江分拨中心 发往：贵州贵阳分拨中心'}, {'time': '2016-08-18 21:46:25', 'context': '到达：福建晋江分拨中心'}, {'time': '2016-08-18 06:48:19', 'context': '到达：福建市场部台江服务部 发往：贵州贵阳分拨中心'}, {'time': '2016-08-18 05:51:57', 'context': '到达：福建市场部台江服务部 已揽件'}], 'status': 6, 'url': 'http://www.yundaex.com', 'time': '', 'ico': '/data/upload/201407/yd_logo.gif', 'rank': '2.4', 'company': '韵达快递'}
[2018-06-21 14:41:48,405] - logger.py] - INFO: 获取公司名称：韵达快递
[2018-06-21 14:41:48,405] - logger.py] - INFO: 获取data内容：[{'time': '2016-08-21 19:47:14', 'context': '到达：贵州都匀市公司 由 已签收 签收'}, {'time': '2016-08-21 09:45:36', 'context': '到达：贵州都匀市公司 指定：派送'}, {'time': '2016-08-20 06:32:38', 'context': '到达：贵州贵阳分拨中心 发往：贵州都匀市公司'}, {'time': '2016-08-20 06:17:24', 'context': '到达：贵州贵阳分拨中心 上级站点：福建晋江分拨中心'}, {'time': '2016-08-18 21:48:53', 'context': '到达：福建晋江分拨中心 发往：贵州贵阳分拨中心'}, {'time': '2016-08-18 21:46:25', 'context': '到达：福建晋江分拨中心'}, {'time': '2016-08-18 06:48:19', 'context': '到达：福建市场部台江服务部 发往：贵州贵阳分拨中心'}, {'time': '2016-08-18 05:51:57', 'context': '到达：福建市场部台江服务部 已揽件'}]
[2018-06-21 14:41:48,406] - logger.py] - INFO: 获取已签收状态：到达：贵州都匀市公司 由 已签收 签收
[2018-06-21 14:41:48,407] - logger.py] - INFO: ----------pass!-------
[2018-06-21 14:41:48,408] - logger.py] - INFO: ------start!--------
[2018-06-21 14:41:48,409] - logger.py] - INFO: 第一步：登录
[2018-06-21 14:41:48,553] - logger.py] - INFO: ------start!--------
